<?xml version="1.0" encoding="UTF-8"?>
<!-- Generated by org.testng.reporters.JUnitReportReporter -->
<testsuite hostname="DESKTOP-OM7JNCE" failures="0" tests="1" name="Test.HomePageTest" time="17.468" errors="0" timestamp="2022-12-14T21:35:01 IST" skipped="0">
  <testcase classname="Test.HomePageTest" name="serachTest" time="17.468"/>
  <system-out/>
</testsuite> <!-- Test.HomePageTest -->
